<?xml version="1.0" encoding="UTF-8"?>
<testsuite xmlns:xsi="http://www.w3.org/2001/XMLSchema-instance" xsi:noNamespaceSchemaLocation="https://maven.apache.org/surefire/maven-surefire-plugin/xsd/surefire-test-report.xsd" version="3.0.2" name="projet.devops.ProjetDevopsApplicationTests" time="3.966" tests="1" errors="0" skipped="0" failures="0">
  <properties>
[...]
</properties>
  <testcase name="contextLoads" classname="projet.devops.ProjetDevopsApplicationTests" time="1.54">
    <system-out><![CDATA[21:17:31.168 [main] INFO org.springframework.test.context.support.AnnotationConfigContextLoaderUtils -- Could not detect default configuration classes for test class [projet.devops.ProjetDevopsApplicationTests]: ProjetDevopsApplicationTests does not declare any static, non-private, non-final, nested classes annotated with @Configuration.
21:17:31.436 [main] INFO org.springframework.boot.test.context.SpringBootTestContextBootstrapper -- Found @SpringBootConfiguration projet.devops.ProjetDevopsApplication for test class projet.devops.ProjetDevopsApplicationTests

  .   ____          _            __ _ _
 /\\ / ___'_ __ _ _(_)_ __  __ _ \ \ \ \
( ( )\___ | '_ | '_| | '_ \/ _` | \ \ \ \
 \\/  ___)| |_)| | | | | || (_| |  ) ) ) )
  '  |____| .__|_| |_|_| |_\__, | / / / /
 =========|_|==============|___/=/_/_/_/

 :: Spring Boot ::                (v4.0.0)

2026-01-12T21:17:32.509+01:00  INFO 30087 --- [ProjetDevops] [           main] p.devops.ProjetDevopsApplicationTests    : Starting ProjetDevopsApplicationTests using Java 21.0.9 with PID 30087 (started by alex in /home/alex/Github/PROJETDEVOPS1/ProjetDevops)
2026-01-12T21:17:32.512+01:00  INFO 30087 --- [ProjetDevops] [           main] p.devops.ProjetDevopsApplicationTests    : No active profile set, falling back to 1 default profile: "default"
2026-01-12T21:17:33.171+01:00  INFO 30087 --- [ProjetDevops] [           main] p.devops.ProjetDevopsApplicationTests    : Started ProjetDevopsApplicationTests in 1.34 seconds (process running for 6.226)
]]></system-out>
    <system-err><![CDATA[Mockito is currently self-attaching to enable the inline-mock-maker. This will no longer work in future releases of the JDK. Please add Mockito as an agent to your build as described in Mockito's documentation: https://javadoc.io/doc/org.mockito/mockito-core/latest/org.mockito/org/mockito/Mockito.html#0.3
WARNING: A Java agent has been loaded dynamically (/home/alex/.m2/repository/net/bytebuddy/byte-buddy-agent/1.17.8/byte-buddy-agent-1.17.8.jar)
WARNING: If a serviceability tool is in use, please run with -XX:+EnableDynamicAgentLoading to hide this warning
WARNING: If a serviceability tool is not in use, please run with -Djdk.instrument.traceUsage for more information
WARNING: Dynamic loading of agents will be disallowed by default in a future release
]]></system-err>
  </testcase>
</testsuite>